# JRE version: OpenJDK Runtime Environment (8.0_76-b03) (build 1.8.0_76-release-b03)
# Java VM: OpenJDK 64-Bit Server VM (25.76-b03 mixed mode windows-amd64 compressed oops)
Heap:
 PSYoungGen      total 70656K, used 52174K [0x00000000eab00000, 0x00000000f1400000, 0x0000000100000000)
  eden space 65536K, 79% used [0x00000000eab00000,0x00000000eddf39f8,0x00000000eeb00000)
  from space 5120K, 0% used [0x00000000ef200000,0x00000000ef200000,0x00000000ef700000)
  to   space 7168K, 0% used [0x00000000eeb00000,0x00000000eeb00000,0x00000000ef200000)
 ParOldGen       total 41984K, used 16038K [0x00000000c0000000, 0x00000000c2900000, 0x00000000eab00000)
  object space 41984K, 38% used [0x00000000c0000000,0x00000000c0fa9988,0x00000000c2900000)
 Metaspace       used 40397K, capacity 41338K, committed 41648K, reserved 1085440K
  class space    used 5453K, capacity 5693K, committed 5808K, reserved 1048576K
GC Heap History (10 events):
Event: 73.865 GC heap before
{Heap before GC invocations=12 (full 1):
 PSYoungGen      total 50688K, used 49963K [0x00000000eab00000, 0x00000000ee300000, 0x0000000100000000)
  eden space 45056K, 100% used [0x00000000eab00000,0x00000000ed700000,0x00000000ed700000)
  from space 5632K, 87% used [0x00000000edd80000,0x00000000ee24ad88,0x00000000ee300000)
  to   space 6144K, 0% used [0x00000000ed700000,0x00000000ed700000,0x00000000edd00000)
 ParOldGen       total 31232K, used 10530K [0x00000000c0000000, 0x00000000c1e80000, 0x00000000eab00000)
  object space 31232K, 33% used [0x00000000c0000000,0x00000000c0a488f0,0x00000000c1e80000)
 Metaspace       used 28011K, capacity 28670K, committed 28848K, reserved 1075200K
  class space    used 3848K, capacity 4003K, committed 4016K, reserved 1048576K
Event: 73.876 GC heap after
Heap after GC invocations=12 (full 1):
 PSYoungGen      total 51200K, used 2853K [0x00000000eab00000, 0x00000000ef880000, 0x0000000100000000)
  eden space 45056K, 0% used [0x00000000eab00000,0x00000000eab00000,0x00000000ed700000)
  from space 6144K, 46% used [0x00000000ed700000,0x00000000ed9c95c0,0x00000000edd00000)
  to   space 6144K, 0% used [0x00000000ef280000,0x00000000ef280000,0x00000000ef880000)
 ParOldGen       total 31232K, used 13158K [0x00000000c0000000, 0x00000000c1e80000, 0x00000000eab00000)
  object space 31232K, 42% used [0x00000000c0000000,0x00000000c0cd9910,0x00000000c1e80000)
 Metaspace       used 28011K, capacity 28670K, committed 28848K, reserved 1075200K
  class space    used 3848K, capacity 4003K, committed 4016K, reserved 1048576K
}
Event: 78.815 GC heap before
{Heap before GC invocations=13 (full 1):
 PSYoungGen      total 51200K, used 47909K [0x00000000eab00000, 0x00000000ef880000, 0x0000000100000000)
  eden space 45056K, 100% used [0x00000000eab00000,0x00000000ed700000,0x00000000ed700000)
  from space 6144K, 46% used [0x00000000ed700000,0x00000000ed9c95c0,0x00000000edd00000)
  to   space 6144K, 0% used [0x00000000ef280000,0x00000000ef280000,0x00000000ef880000)
 ParOldGen       total 31232K, used 13158K [0x00000000c0000000, 0x00000000c1e80000, 0x00000000eab00000)
  object space 31232K, 42% used [0x00000000c0000000,0x00000000c0cd9910,0x00000000c1e80000)
 Metaspace       used 28299K, capacity 28862K, committed 29104K, reserved 1075200K
  class space    used 3851K, capacity 4003K, committed 4016K, reserved 1048576K
Event: 78.820 GC heap after
Heap after GC invocations=13 (full 1):
 PSYoungGen      total 72192K, used 1120K [0x00000000eab00000, 0x00000000ef880000, 0x0000000100000000)
  eden space 66048K, 0% used [0x00000000eab00000,0x00000000eab00000,0x00000000eeb80000)
  from space 6144K, 18% used [0x00000000ef280000,0x00000000ef398000,0x00000000ef880000)
  to   space 6656K, 0% used [0x00000000eeb80000,0x00000000eeb80000,0x00000000ef200000)
 ParOldGen       total 31232K, used 13846K [0x00000000c0000000, 0x00000000c1e80000, 0x00000000eab00000)
  object space 31232K, 44% used [0x00000000c0000000,0x00000000c0d85938,0x00000000c1e80000)
 Metaspace       used 28299K, capacity 28862K, committed 29104K, reserved 1075200K
  class space    used 3851K, capacity 4003K, committed 4016K, reserved 1048576K
}
Event: 92.940 GC heap before
{Heap before GC invocations=14 (full 1):
 PSYoungGen      total 72192K, used 67168K [0x00000000eab00000, 0x00000000ef880000, 0x0000000100000000)
  eden space 66048K, 100% used [0x00000000eab00000,0x00000000eeb80000,0x00000000eeb80000)
  from space 6144K, 18% used [0x00000000ef280000,0x00000000ef398000,0x00000000ef880000)
  to   space 6656K, 0% used [0x00000000eeb80000,0x00000000eeb80000,0x00000000ef200000)
 ParOldGen       total 31232K, used 13846K [0x00000000c0000000, 0x00000000c1e80000, 0x00000000eab00000)
  object space 31232K, 44% used [0x00000000c0000000,0x00000000c0d85938,0x00000000c1e80000)
 Metaspace       used 32880K, capacity 33680K, committed 33968K, reserved 1079296K
  class space    used 4431K, capacity 4657K, committed 4784K, reserved 1048576K
Event: 92.964 GC heap after
Heap after GC invocations=14 (full 1):
 PSYoungGen      total 70144K, used 6419K [0x00000000eab00000, 0x00000000ef700000, 0x0000000100000000)
  eden space 63488K, 0% used [0x00000000eab00000,0x00000000eab00000,0x00000000ee900000)
  from space 6656K, 96% used [0x00000000eeb80000,0x00000000ef1c4d80,0x00000000ef200000)
  to   space 5120K, 0% used [0x00000000ef200000,0x00000000ef200000,0x00000000ef700000)
 ParOldGen       total 31232K, used 14334K [0x00000000c0000000, 0x00000000c1e80000, 0x00000000eab00000)
  object space 31232K, 45% used [0x00000000c0000000,0x00000000c0dff938,0x00000000c1e80000)
 Metaspace       used 32880K, capacity 33680K, committed 33968K, reserved 1079296K
  class space    used 4431K, capacity 4657K, committed 4784K, reserved 1048576K
}
Event: 93.935 GC heap before
{Heap before GC invocations=15 (full 1):
 PSYoungGen      total 70144K, used 26512K [0x00000000eab00000, 0x00000000ef700000, 0x0000000100000000)
  eden space 63488K, 31% used [0x00000000eab00000,0x00000000ebe9f600,0x00000000ee900000)
  from space 6656K, 96% used [0x00000000eeb80000,0x00000000ef1c4d80,0x00000000ef200000)
  to   space 5120K, 0% used [0x00000000ef200000,0x00000000ef200000,0x00000000ef700000)
 ParOldGen       total 31232K, used 14334K [0x00000000c0000000, 0x00000000c1e80000, 0x00000000eab00000)
  object space 31232K, 45% used [0x00000000c0000000,0x00000000c0dff938,0x00000000c1e80000)
 Metaspace       used 34652K, capacity 35316K, committed 35496K, reserved 1079296K
  class space    used 4657K, capacity 4855K, committed 4912K, reserved 1048576K
Event: 93.948 GC heap after
Heap after GC invocations=15 (full 1):
 PSYoungGen      total 70656K, used 2362K [0x00000000eab00000, 0x00000000f1400000, 0x0000000100000000)
  eden space 65536K, 0% used [0x00000000eab00000,0x00000000eab00000,0x00000000eeb00000)
  from space 5120K, 46% used [0x00000000ef200000,0x00000000ef44e838,0x00000000ef700000)
  to   space 7168K, 0% used [0x00000000eeb00000,0x00000000eeb00000,0x00000000ef200000)
 ParOldGen       total 31232K, used 16948K [0x00000000c0000000, 0x00000000c1e80000, 0x00000000eab00000)
  object space 31232K, 54% used [0x00000000c0000000,0x00000000c108d178,0x00000000c1e80000)
 Metaspace       used 34652K, capacity 35316K, committed 35496K, reserved 1079296K
  class space    used 4657K, capacity 4855K, committed 4912K, reserved 1048576K
}
Event: 93.948 GC heap before
{Heap before GC invocations=16 (full 2):
 PSYoungGen      total 70656K, used 2362K [0x00000000eab00000, 0x00000000f1400000, 0x0000000100000000)
  eden space 65536K, 0% used [0x00000000eab00000,0x00000000eab00000,0x00000000eeb00000)
  from space 5120K, 46% used [0x00000000ef200000,0x00000000ef44e838,0x00000000ef700000)
  to   space 7168K, 0% used [0x00000000eeb00000,0x00000000eeb00000,0x00000000ef200000)
 ParOldGen       total 31232K, used 16948K [0x00000000c0000000, 0x00000000c1e80000, 0x00000000eab00000)
  object space 31232K, 54% used [0x00000000c0000000,0x00000000c108d178,0x00000000c1e80000)
 Metaspace       used 34652K, capacity 35316K, committed 35496K, reserved 1079296K
  class space    used 4657K, capacity 4855K, committed 4912K, reserved 1048576K
Event: 94.104 GC heap after
Heap after GC invocations=16 (full 2):
 PSYoungGen      total 70656K, used 0K [0x00000000eab00000, 0x00000000f1400000, 0x0000000100000000)
  eden space 65536K, 0% used [0x00000000eab00000,0x00000000eab00000,0x00000000eeb00000)
  from space 5120K, 0% used [0x00000000ef200000,0x00000000ef200000,0x00000000ef700000)
  to   space 7168K, 0% used [0x00000000eeb00000,0x00000000eeb00000,0x00000000ef200000)
 ParOldGen       total 41984K, used 16038K [0x00000000c0000000, 0x00000000c2900000, 0x00000000eab00000)
  object space 41984K, 38% used [0x00000000c0000000,0x00000000c0fa9988,0x00000000c2900000)
 Metaspace       used 34652K, capacity 35316K, committed 35496K, reserved 1079296K
  class space    used 4657K, capacity 4855K, committed 4912K, reserved 1048576K
}

